Build started 2020-12-29 오후 10:45:07.
     1>Project "C:\Users\7\Desktop\find_mem_addr_dynamic\find_mem_addr_dynamic\find_mem_addr_dynamic.vcxproj" on node 2 (build target(s)).
     1>InitializeBuildStatus:
         Creating "Debug\find_mem_addr_dynamic.unsuccessfulbuild" because "AlwaysCreate" was specified.
       ClCompile:
         All outputs are up-to-date.
         C:\Program Files (x86)\Microsoft Visual Studio 10.0\VC\bin\CL.exe /c /ZI /nologo /W3 /WX- /Od /Oy- /D WIN32 /D _DEBUG /D _CONSOLE /D _UNICODE /D UNICODE /Gm /EHsc /RTC1 /MDd /GS /fp:precise /Zc:wchar_t /Zc:forScope /Yu"StdAfx.h" /Fp"Debug\find_mem_addr_dynamic.pch" /Fo"Debug\\" /Fd"Debug\vc100.pdb" /Gd /TP /analyze- /errorReport:prompt find_mem_addr_dynamic.cpp
         find_mem_addr_dynamic.cpp
       ManifestResourceCompile:
         All outputs are up-to-date.
       Link:
         C:\Program Files (x86)\Microsoft Visual Studio 10.0\VC\bin\link.exe /ERRORREPORT:PROMPT /OUT:"C:\Users\7\Desktop\find_mem_addr_dynamic\Debug\find_mem_addr_dynamic.exe" /INCREMENTAL /NOLOGO kernel32.lib user32.lib gdi32.lib winspool.lib comdlg32.lib advapi32.lib shell32.lib ole32.lib oleaut32.lib uuid.lib odbc32.lib odbccp32.lib /MANIFEST /ManifestFile:"Debug\find_mem_addr_dynamic.exe.intermediate.manifest" /MANIFESTUAC:"level='asInvoker' uiAccess='false'" /DEBUG /PDB:"C:\Users\7\Desktop\find_mem_addr_dynamic\Debug\find_mem_addr_dynamic.pdb" /SUBSYSTEM:CONSOLE /TLBID:1 /DYNAMICBASE /NXCOMPAT /IMPLIB:"C:\Users\7\Desktop\find_mem_addr_dynamic\Debug\find_mem_addr_dynamic.lib" /MACHINE:X86 Debug\find_mem_addr_dynamic.exe.embed.manifest.res
         Debug\find_mem_addr_dynamic.obj
         Debug\stdafx.obj
       Manifest:
         C:\Program Files (x86)\Microsoft SDKs\Windows\v7.0A\bin\mt.exe /nologo /verbose /out:"Debug\find_mem_addr_dynamic.exe.embed.manifest" /manifest Debug\find_mem_addr_dynamic.exe.intermediate.manifest
         All outputs are up-to-date.
       LinkEmbedManifest:
         All outputs are up-to-date.
         find_mem_addr_dynamic.vcxproj -> C:\Users\7\Desktop\find_mem_addr_dynamic\Debug\find_mem_addr_dynamic.exe
       FinalizeBuildStatus:
         Deleting file "Debug\find_mem_addr_dynamic.unsuccessfulbuild".
         Touching "Debug\find_mem_addr_dynamic.lastbuildstate".
     1>Done Building Project "C:\Users\7\Desktop\find_mem_addr_dynamic\find_mem_addr_dynamic\find_mem_addr_dynamic.vcxproj" (build target(s)).

Build succeeded.

Time Elapsed 00:00:01.04
